DEBUG: [lsi.ubu.util.ExecuteScript.run(ExecuteScript.java:59)]2023-04-19 13:32:53.731 [main] ExecuteScript - 
DEBUG: [lsi.ubu.util.ExecuteScript.run(ExecuteScript.java:59)]2023-04-19 13:32:53.736 [main] ExecuteScript - SQL*Plus: Release 11.2.0.2.0 Production on Mié Abr 19 13:32:53 2023
DEBUG: [lsi.ubu.util.ExecuteScript.run(ExecuteScript.java:59)]2023-04-19 13:32:53.736 [main] ExecuteScript - 
DEBUG: [lsi.ubu.util.ExecuteScript.run(ExecuteScript.java:59)]2023-04-19 13:32:53.737 [main] ExecuteScript - Copyright (c) 1982, 2011, Oracle.  All rights reserved.
DEBUG: [lsi.ubu.util.ExecuteScript.run(ExecuteScript.java:59)]2023-04-19 13:32:53.742 [main] ExecuteScript - 
DEBUG: [lsi.ubu.util.ExecuteScript.run(ExecuteScript.java:59)]2023-04-19 13:32:53.760 [main] ExecuteScript - 
DEBUG: [lsi.ubu.util.ExecuteScript.run(ExecuteScript.java:59)]2023-04-19 13:32:53.760 [main] ExecuteScript - Connected to:
DEBUG: [lsi.ubu.util.ExecuteScript.run(ExecuteScript.java:59)]2023-04-19 13:32:53.761 [main] ExecuteScript - Oracle Database 11g Express Edition Release 11.2.0.2.0 - 64bit Production
DEBUG: [lsi.ubu.util.ExecuteScript.run(ExecuteScript.java:59)]2023-04-19 13:32:53.761 [main] ExecuteScript - 
DEBUG: [lsi.ubu.util.ExecuteScript.run(ExecuteScript.java:59)]2023-04-19 13:32:53.792 [main] ExecuteScript - 
DEBUG: [lsi.ubu.util.ExecuteScript.run(ExecuteScript.java:59)]2023-04-19 13:32:53.793 [main] ExecuteScript - Table dropped.
DEBUG: [lsi.ubu.util.ExecuteScript.run(ExecuteScript.java:59)]2023-04-19 13:32:53.793 [main] ExecuteScript - 
DEBUG: [lsi.ubu.util.ExecuteScript.run(ExecuteScript.java:59)]2023-04-19 13:32:53.811 [main] ExecuteScript - 
DEBUG: [lsi.ubu.util.ExecuteScript.run(ExecuteScript.java:59)]2023-04-19 13:32:53.811 [main] ExecuteScript - Table dropped.
DEBUG: [lsi.ubu.util.ExecuteScript.run(ExecuteScript.java:59)]2023-04-19 13:32:53.812 [main] ExecuteScript - 
DEBUG: [lsi.ubu.util.ExecuteScript.run(ExecuteScript.java:59)]2023-04-19 13:32:53.829 [main] ExecuteScript - 
DEBUG: [lsi.ubu.util.ExecuteScript.run(ExecuteScript.java:59)]2023-04-19 13:32:53.837 [main] ExecuteScript - Table dropped.
DEBUG: [lsi.ubu.util.ExecuteScript.run(ExecuteScript.java:59)]2023-04-19 13:32:53.837 [main] ExecuteScript - 
DEBUG: [lsi.ubu.util.ExecuteScript.run(ExecuteScript.java:59)]2023-04-19 13:32:53.853 [main] ExecuteScript - 
DEBUG: [lsi.ubu.util.ExecuteScript.run(ExecuteScript.java:59)]2023-04-19 13:32:53.853 [main] ExecuteScript - Table dropped.
DEBUG: [lsi.ubu.util.ExecuteScript.run(ExecuteScript.java:59)]2023-04-19 13:32:53.853 [main] ExecuteScript - 
DEBUG: [lsi.ubu.util.ExecuteScript.run(ExecuteScript.java:59)]2023-04-19 13:32:53.859 [main] ExecuteScript - 
DEBUG: [lsi.ubu.util.ExecuteScript.run(ExecuteScript.java:59)]2023-04-19 13:32:53.859 [main] ExecuteScript - Sequence dropped.
DEBUG: [lsi.ubu.util.ExecuteScript.run(ExecuteScript.java:59)]2023-04-19 13:32:53.859 [main] ExecuteScript - 
DEBUG: [lsi.ubu.util.ExecuteScript.run(ExecuteScript.java:59)]2023-04-19 13:32:53.865 [main] ExecuteScript - 
DEBUG: [lsi.ubu.util.ExecuteScript.run(ExecuteScript.java:59)]2023-04-19 13:32:53.866 [main] ExecuteScript - Sequence dropped.
DEBUG: [lsi.ubu.util.ExecuteScript.run(ExecuteScript.java:59)]2023-04-19 13:32:53.866 [main] ExecuteScript - 
DEBUG: [lsi.ubu.util.ExecuteScript.run(ExecuteScript.java:59)]2023-04-19 13:32:53.874 [main] ExecuteScript - 
DEBUG: [lsi.ubu.util.ExecuteScript.run(ExecuteScript.java:59)]2023-04-19 13:32:53.875 [main] ExecuteScript - Sequence dropped.
DEBUG: [lsi.ubu.util.ExecuteScript.run(ExecuteScript.java:59)]2023-04-19 13:32:53.885 [main] ExecuteScript - 
DEBUG: [lsi.ubu.util.ExecuteScript.run(ExecuteScript.java:59)]2023-04-19 13:32:53.893 [main] ExecuteScript - 
DEBUG: [lsi.ubu.util.ExecuteScript.run(ExecuteScript.java:59)]2023-04-19 13:32:53.894 [main] ExecuteScript - Table created.
DEBUG: [lsi.ubu.util.ExecuteScript.run(ExecuteScript.java:59)]2023-04-19 13:32:53.894 [main] ExecuteScript - 
DEBUG: [lsi.ubu.util.ExecuteScript.run(ExecuteScript.java:59)]2023-04-19 13:32:53.900 [main] ExecuteScript - 
DEBUG: [lsi.ubu.util.ExecuteScript.run(ExecuteScript.java:59)]2023-04-19 13:32:53.900 [main] ExecuteScript - Sequence created.
DEBUG: [lsi.ubu.util.ExecuteScript.run(ExecuteScript.java:59)]2023-04-19 13:32:53.900 [main] ExecuteScript - 
DEBUG: [lsi.ubu.util.ExecuteScript.run(ExecuteScript.java:59)]2023-04-19 13:32:53.917 [main] ExecuteScript - 
DEBUG: [lsi.ubu.util.ExecuteScript.run(ExecuteScript.java:59)]2023-04-19 13:32:53.918 [main] ExecuteScript - Table created.
DEBUG: [lsi.ubu.util.ExecuteScript.run(ExecuteScript.java:59)]2023-04-19 13:32:53.918 [main] ExecuteScript - 
DEBUG: [lsi.ubu.util.ExecuteScript.run(ExecuteScript.java:59)]2023-04-19 13:32:53.934 [main] ExecuteScript - 
DEBUG: [lsi.ubu.util.ExecuteScript.run(ExecuteScript.java:59)]2023-04-19 13:32:53.934 [main] ExecuteScript - Sequence created.
DEBUG: [lsi.ubu.util.ExecuteScript.run(ExecuteScript.java:59)]2023-04-19 13:32:53.935 [main] ExecuteScript - 
DEBUG: [lsi.ubu.util.ExecuteScript.run(ExecuteScript.java:59)]2023-04-19 13:32:53.949 [main] ExecuteScript - 
DEBUG: [lsi.ubu.util.ExecuteScript.run(ExecuteScript.java:59)]2023-04-19 13:32:53.949 [main] ExecuteScript - Table created.
DEBUG: [lsi.ubu.util.ExecuteScript.run(ExecuteScript.java:59)]2023-04-19 13:32:53.949 [main] ExecuteScript - 
DEBUG: [lsi.ubu.util.ExecuteScript.run(ExecuteScript.java:59)]2023-04-19 13:32:53.957 [main] ExecuteScript - 
DEBUG: [lsi.ubu.util.ExecuteScript.run(ExecuteScript.java:59)]2023-04-19 13:32:53.957 [main] ExecuteScript - Sequence created.
DEBUG: [lsi.ubu.util.ExecuteScript.run(ExecuteScript.java:59)]2023-04-19 13:32:53.957 [main] ExecuteScript - 
DEBUG: [lsi.ubu.util.ExecuteScript.run(ExecuteScript.java:59)]2023-04-19 13:32:53.974 [main] ExecuteScript - 
DEBUG: [lsi.ubu.util.ExecuteScript.run(ExecuteScript.java:59)]2023-04-19 13:32:53.974 [main] ExecuteScript - Table created.
DEBUG: [lsi.ubu.util.ExecuteScript.run(ExecuteScript.java:59)]2023-04-19 13:32:53.974 [main] ExecuteScript - 
DEBUG: [lsi.ubu.util.ExecuteScript.run(ExecuteScript.java:59)]2023-04-19 13:32:53.986 [main] ExecuteScript - 
DEBUG: [lsi.ubu.util.ExecuteScript.run(ExecuteScript.java:59)]2023-04-19 13:32:53.987 [main] ExecuteScript - Procedure created.
DEBUG: [lsi.ubu.util.ExecuteScript.run(ExecuteScript.java:59)]2023-04-19 13:32:53.987 [main] ExecuteScript - 
DEBUG: [lsi.ubu.util.ExecuteScript.run(ExecuteScript.java:59)]2023-04-19 13:32:54.006 [main] ExecuteScript - 
DEBUG: [lsi.ubu.util.ExecuteScript.run(ExecuteScript.java:59)]2023-04-19 13:32:54.006 [main] ExecuteScript - Procedure created.
DEBUG: [lsi.ubu.util.ExecuteScript.run(ExecuteScript.java:59)]2023-04-19 13:32:54.006 [main] ExecuteScript - 
DEBUG: [lsi.ubu.util.ExecuteScript.run(ExecuteScript.java:59)]2023-04-19 13:32:54.010 [main] ExecuteScript - Disconnected from Oracle Database 11g Express Edition Release 11.2.0.2.0 - 64bit Production
INFO : [lsi.ubu.util.PoolDeConexiones.getConnection(PoolDeConexiones.java:109)]2023-04-19 13:32:55.322 [main] PoolDeConexiones - Activacion de Autocommit=false
INFO : [lsi.ubu.util.PoolDeConexiones.getConnection(PoolDeConexiones.java:117)]2023-04-19 13:32:55.322 [main] PoolDeConexiones - Activacion de Autocommit=false
Nivel de Aislamiento=TRANSACTION_READ_COMMITTED
INFO : [lsi.ubu.util.PoolDeConexiones.getConnection(PoolDeConexiones.java:109)]2023-05-04 22:59:30.450 [main] PoolDeConexiones - Activacion de Autocommit=false
INFO : [lsi.ubu.util.PoolDeConexiones.getConnection(PoolDeConexiones.java:117)]2023-05-04 22:59:30.456 [main] PoolDeConexiones - Activacion de Autocommit=false
Nivel de Aislamiento=TRANSACTION_READ_COMMITTED
DEBUG: [lsi.ubu.util.ExecuteScript.run(ExecuteScript.java:59)]2023-05-04 23:01:18.113 [main] ExecuteScript - 
DEBUG: [lsi.ubu.util.ExecuteScript.run(ExecuteScript.java:59)]2023-05-04 23:01:18.123 [main] ExecuteScript - SQL*Plus: Release 11.2.0.2.0 Production on Jue May 4 23:01:18 2023
DEBUG: [lsi.ubu.util.ExecuteScript.run(ExecuteScript.java:59)]2023-05-04 23:01:18.124 [main] ExecuteScript - 
DEBUG: [lsi.ubu.util.ExecuteScript.run(ExecuteScript.java:59)]2023-05-04 23:01:18.124 [main] ExecuteScript - Copyright (c) 1982, 2011, Oracle.  All rights reserved.
DEBUG: [lsi.ubu.util.ExecuteScript.run(ExecuteScript.java:59)]2023-05-04 23:01:18.136 [main] ExecuteScript - 
DEBUG: [lsi.ubu.util.ExecuteScript.run(ExecuteScript.java:59)]2023-05-04 23:01:18.224 [main] ExecuteScript - 
DEBUG: [lsi.ubu.util.ExecuteScript.run(ExecuteScript.java:59)]2023-05-04 23:01:18.224 [main] ExecuteScript - Connected to:
DEBUG: [lsi.ubu.util.ExecuteScript.run(ExecuteScript.java:59)]2023-05-04 23:01:18.225 [main] ExecuteScript - Oracle Database 11g Express Edition Release 11.2.0.2.0 - 64bit Production
DEBUG: [lsi.ubu.util.ExecuteScript.run(ExecuteScript.java:59)]2023-05-04 23:01:18.225 [main] ExecuteScript - 
DEBUG: [lsi.ubu.util.ExecuteScript.run(ExecuteScript.java:59)]2023-05-04 23:01:18.233 [main] ExecuteScript - drop table medico cascade constraints
DEBUG: [lsi.ubu.util.ExecuteScript.run(ExecuteScript.java:59)]2023-05-04 23:01:18.235 [main] ExecuteScript -            *
DEBUG: [lsi.ubu.util.ExecuteScript.run(ExecuteScript.java:59)]2023-05-04 23:01:18.236 [main] ExecuteScript - ERROR at line 1:
DEBUG: [lsi.ubu.util.ExecuteScript.run(ExecuteScript.java:59)]2023-05-04 23:01:18.238 [main] ExecuteScript - ORA-00942: table or view does not exist
DEBUG: [lsi.ubu.util.ExecuteScript.run(ExecuteScript.java:59)]2023-05-04 23:01:18.238 [main] ExecuteScript - 
DEBUG: [lsi.ubu.util.ExecuteScript.run(ExecuteScript.java:59)]2023-05-04 23:01:18.238 [main] ExecuteScript - 
DEBUG: [lsi.ubu.util.ExecuteScript.run(ExecuteScript.java:59)]2023-05-04 23:01:18.240 [main] ExecuteScript - drop table cliente cascade constraints
DEBUG: [lsi.ubu.util.ExecuteScript.run(ExecuteScript.java:59)]2023-05-04 23:01:18.259 [main] ExecuteScript -            *
DEBUG: [lsi.ubu.util.ExecuteScript.run(ExecuteScript.java:59)]2023-05-04 23:01:18.272 [main] ExecuteScript - ERROR at line 1:
DEBUG: [lsi.ubu.util.ExecuteScript.run(ExecuteScript.java:59)]2023-05-04 23:01:18.272 [main] ExecuteScript - ORA-00942: table or view does not exist
DEBUG: [lsi.ubu.util.ExecuteScript.run(ExecuteScript.java:59)]2023-05-04 23:01:18.273 [main] ExecuteScript - 
DEBUG: [lsi.ubu.util.ExecuteScript.run(ExecuteScript.java:59)]2023-05-04 23:01:18.274 [main] ExecuteScript - 
DEBUG: [lsi.ubu.util.ExecuteScript.run(ExecuteScript.java:59)]2023-05-04 23:01:18.275 [main] ExecuteScript - drop table anulacion cascade constraints
DEBUG: [lsi.ubu.util.ExecuteScript.run(ExecuteScript.java:59)]2023-05-04 23:01:18.275 [main] ExecuteScript -            *
DEBUG: [lsi.ubu.util.ExecuteScript.run(ExecuteScript.java:59)]2023-05-04 23:01:18.276 [main] ExecuteScript - ERROR at line 1:
DEBUG: [lsi.ubu.util.ExecuteScript.run(ExecuteScript.java:59)]2023-05-04 23:01:18.277 [main] ExecuteScript - ORA-00942: table or view does not exist
DEBUG: [lsi.ubu.util.ExecuteScript.run(ExecuteScript.java:59)]2023-05-04 23:01:18.277 [main] ExecuteScript - 
DEBUG: [lsi.ubu.util.ExecuteScript.run(ExecuteScript.java:59)]2023-05-04 23:01:18.280 [main] ExecuteScript - 
DEBUG: [lsi.ubu.util.ExecuteScript.run(ExecuteScript.java:59)]2023-05-04 23:01:18.287 [main] ExecuteScript - drop table consulta cascade constraints
DEBUG: [lsi.ubu.util.ExecuteScript.run(ExecuteScript.java:59)]2023-05-04 23:01:18.287 [main] ExecuteScript -            *
DEBUG: [lsi.ubu.util.ExecuteScript.run(ExecuteScript.java:59)]2023-05-04 23:01:18.288 [main] ExecuteScript - ERROR at line 1:
DEBUG: [lsi.ubu.util.ExecuteScript.run(ExecuteScript.java:59)]2023-05-04 23:01:18.288 [main] ExecuteScript - ORA-00942: table or view does not exist
DEBUG: [lsi.ubu.util.ExecuteScript.run(ExecuteScript.java:59)]2023-05-04 23:01:18.289 [main] ExecuteScript - 
DEBUG: [lsi.ubu.util.ExecuteScript.run(ExecuteScript.java:59)]2023-05-04 23:01:18.290 [main] ExecuteScript - 
DEBUG: [lsi.ubu.util.ExecuteScript.run(ExecuteScript.java:59)]2023-05-04 23:01:18.290 [main] ExecuteScript - drop sequence seq_medico
DEBUG: [lsi.ubu.util.ExecuteScript.run(ExecuteScript.java:59)]2023-05-04 23:01:18.295 [main] ExecuteScript -               *
DEBUG: [lsi.ubu.util.ExecuteScript.run(ExecuteScript.java:59)]2023-05-04 23:01:18.297 [main] ExecuteScript - ERROR at line 1:
DEBUG: [lsi.ubu.util.ExecuteScript.run(ExecuteScript.java:59)]2023-05-04 23:01:18.297 [main] ExecuteScript - ORA-02289: sequence does not exist
DEBUG: [lsi.ubu.util.ExecuteScript.run(ExecuteScript.java:59)]2023-05-04 23:01:18.308 [main] ExecuteScript - 
DEBUG: [lsi.ubu.util.ExecuteScript.run(ExecuteScript.java:59)]2023-05-04 23:01:18.308 [main] ExecuteScript - 
DEBUG: [lsi.ubu.util.ExecuteScript.run(ExecuteScript.java:59)]2023-05-04 23:01:18.308 [main] ExecuteScript - drop sequence seq_consulta
DEBUG: [lsi.ubu.util.ExecuteScript.run(ExecuteScript.java:59)]2023-05-04 23:01:18.310 [main] ExecuteScript -               *
DEBUG: [lsi.ubu.util.ExecuteScript.run(ExecuteScript.java:59)]2023-05-04 23:01:18.310 [main] ExecuteScript - ERROR at line 1:
DEBUG: [lsi.ubu.util.ExecuteScript.run(ExecuteScript.java:59)]2023-05-04 23:01:18.312 [main] ExecuteScript - ORA-02289: sequence does not exist
DEBUG: [lsi.ubu.util.ExecuteScript.run(ExecuteScript.java:59)]2023-05-04 23:01:18.313 [main] ExecuteScript - 
DEBUG: [lsi.ubu.util.ExecuteScript.run(ExecuteScript.java:59)]2023-05-04 23:01:18.313 [main] ExecuteScript - 
DEBUG: [lsi.ubu.util.ExecuteScript.run(ExecuteScript.java:59)]2023-05-04 23:01:18.313 [main] ExecuteScript - drop sequence seq_anulacion
DEBUG: [lsi.ubu.util.ExecuteScript.run(ExecuteScript.java:59)]2023-05-04 23:01:18.313 [main] ExecuteScript -               *
DEBUG: [lsi.ubu.util.ExecuteScript.run(ExecuteScript.java:59)]2023-05-04 23:01:18.323 [main] ExecuteScript - ERROR at line 1:
DEBUG: [lsi.ubu.util.ExecuteScript.run(ExecuteScript.java:59)]2023-05-04 23:01:18.323 [main] ExecuteScript - ORA-02289: sequence does not exist
DEBUG: [lsi.ubu.util.ExecuteScript.run(ExecuteScript.java:59)]2023-05-04 23:01:18.326 [main] ExecuteScript - 
DEBUG: [lsi.ubu.util.ExecuteScript.run(ExecuteScript.java:59)]2023-05-04 23:01:18.326 [main] ExecuteScript - 
DEBUG: [lsi.ubu.util.ExecuteScript.run(ExecuteScript.java:59)]2023-05-04 23:01:18.326 [main] ExecuteScript - 
DEBUG: [lsi.ubu.util.ExecuteScript.run(ExecuteScript.java:59)]2023-05-04 23:01:18.326 [main] ExecuteScript - Table created.
DEBUG: [lsi.ubu.util.ExecuteScript.run(ExecuteScript.java:59)]2023-05-04 23:01:18.327 [main] ExecuteScript - 
DEBUG: [lsi.ubu.util.ExecuteScript.run(ExecuteScript.java:59)]2023-05-04 23:01:18.327 [main] ExecuteScript - 
DEBUG: [lsi.ubu.util.ExecuteScript.run(ExecuteScript.java:59)]2023-05-04 23:01:18.328 [main] ExecuteScript - Sequence created.
DEBUG: [lsi.ubu.util.ExecuteScript.run(ExecuteScript.java:59)]2023-05-04 23:01:18.339 [main] ExecuteScript - 
DEBUG: [lsi.ubu.util.ExecuteScript.run(ExecuteScript.java:59)]2023-05-04 23:01:18.351 [main] ExecuteScript - 
DEBUG: [lsi.ubu.util.ExecuteScript.run(ExecuteScript.java:59)]2023-05-04 23:01:18.351 [main] ExecuteScript - Table created.
DEBUG: [lsi.ubu.util.ExecuteScript.run(ExecuteScript.java:59)]2023-05-04 23:01:18.351 [main] ExecuteScript - 
DEBUG: [lsi.ubu.util.ExecuteScript.run(ExecuteScript.java:59)]2023-05-04 23:01:18.359 [main] ExecuteScript - 
DEBUG: [lsi.ubu.util.ExecuteScript.run(ExecuteScript.java:59)]2023-05-04 23:01:18.359 [main] ExecuteScript - Sequence created.
DEBUG: [lsi.ubu.util.ExecuteScript.run(ExecuteScript.java:59)]2023-05-04 23:01:18.359 [main] ExecuteScript - 
DEBUG: [lsi.ubu.util.ExecuteScript.run(ExecuteScript.java:59)]2023-05-04 23:01:18.388 [main] ExecuteScript - 
DEBUG: [lsi.ubu.util.ExecuteScript.run(ExecuteScript.java:59)]2023-05-04 23:01:18.388 [main] ExecuteScript - Table created.
DEBUG: [lsi.ubu.util.ExecuteScript.run(ExecuteScript.java:59)]2023-05-04 23:01:18.388 [main] ExecuteScript - 
DEBUG: [lsi.ubu.util.ExecuteScript.run(ExecuteScript.java:59)]2023-05-04 23:01:18.394 [main] ExecuteScript - 
DEBUG: [lsi.ubu.util.ExecuteScript.run(ExecuteScript.java:59)]2023-05-04 23:01:18.395 [main] ExecuteScript - Sequence created.
DEBUG: [lsi.ubu.util.ExecuteScript.run(ExecuteScript.java:59)]2023-05-04 23:01:18.395 [main] ExecuteScript - 
DEBUG: [lsi.ubu.util.ExecuteScript.run(ExecuteScript.java:59)]2023-05-04 23:01:18.428 [main] ExecuteScript - 
DEBUG: [lsi.ubu.util.ExecuteScript.run(ExecuteScript.java:59)]2023-05-04 23:01:18.429 [main] ExecuteScript - Table created.
DEBUG: [lsi.ubu.util.ExecuteScript.run(ExecuteScript.java:59)]2023-05-04 23:01:18.429 [main] ExecuteScript - 
DEBUG: [lsi.ubu.util.ExecuteScript.run(ExecuteScript.java:59)]2023-05-04 23:01:18.564 [main] ExecuteScript - 
DEBUG: [lsi.ubu.util.ExecuteScript.run(ExecuteScript.java:59)]2023-05-04 23:01:18.565 [main] ExecuteScript - Procedure created.
DEBUG: [lsi.ubu.util.ExecuteScript.run(ExecuteScript.java:59)]2023-05-04 23:01:18.565 [main] ExecuteScript - 
DEBUG: [lsi.ubu.util.ExecuteScript.run(ExecuteScript.java:59)]2023-05-04 23:01:18.615 [main] ExecuteScript - 
DEBUG: [lsi.ubu.util.ExecuteScript.run(ExecuteScript.java:59)]2023-05-04 23:01:18.615 [main] ExecuteScript - Procedure created.
DEBUG: [lsi.ubu.util.ExecuteScript.run(ExecuteScript.java:59)]2023-05-04 23:01:18.615 [main] ExecuteScript - 
DEBUG: [lsi.ubu.util.ExecuteScript.run(ExecuteScript.java:59)]2023-05-04 23:01:18.618 [main] ExecuteScript - Disconnected from Oracle Database 11g Express Edition Release 11.2.0.2.0 - 64bit Production
INFO : [lsi.ubu.util.PoolDeConexiones.getConnection(PoolDeConexiones.java:109)]2023-05-04 23:01:20.501 [main] PoolDeConexiones - Activacion de Autocommit=false
INFO : [lsi.ubu.util.PoolDeConexiones.getConnection(PoolDeConexiones.java:117)]2023-05-04 23:01:20.501 [main] PoolDeConexiones - Activacion de Autocommit=false
Nivel de Aislamiento=TRANSACTION_READ_COMMITTED
